c:\ducnd\dinhduc_framework3d\trainingframework\debug\trainingframework.pch
c:\ducnd\dinhduc_framework3d\trainingframework\debug\vc140.pdb
c:\ducnd\dinhduc_framework3d\trainingframework\debug\vc140.idb
c:\ducnd\dinhduc_framework3d\trainingframework\debug\stdafx.obj
c:\ducnd\dinhduc_framework3d\trainingframework\debug\resourcemanager.obj
c:\ducnd\dinhduc_framework3d\trainingframework\debug\main.obj
c:\ducnd\dinhduc_framework3d\trainingframework\debug\camera.obj
c:\ducnd\dinhduc_framework3d\trainingframework\debug\transformmatrix.obj
c:\ducnd\dinhduc_framework3d\trainingframework\debug\model.obj
c:\ducnd\dinhduc_framework3d\bin\trainingframework.ilk
c:\ducnd\dinhduc_framework3d\bin\trainingframework.exe
c:\ducnd\dinhduc_framework3d\bin\trainingframework.pdb
c:\ducnd\dinhduc_framework3d\\bin\trainingframework.pdb
c:\ducnd\dinhduc_framework3d\\bin\trainingframework.exe
c:\ducnd\dinhduc_framework3d\\bin\trainingframework.ilk
c:\ducnd\dinhduc_framework3d\trainingframework\debug\training.fc024ec8.tlog\cl.command.1.tlog
c:\ducnd\dinhduc_framework3d\trainingframework\debug\training.fc024ec8.tlog\cl.read.1.tlog
c:\ducnd\dinhduc_framework3d\trainingframework\debug\training.fc024ec8.tlog\cl.write.1.tlog
c:\ducnd\dinhduc_framework3d\trainingframework\debug\training.fc024ec8.tlog\link.command.1.tlog
c:\ducnd\dinhduc_framework3d\trainingframework\debug\training.fc024ec8.tlog\link.read.1.tlog
c:\ducnd\dinhduc_framework3d\trainingframework\debug\training.fc024ec8.tlog\link.write.1.tlog
